android/materialFilePicker/build/intermediates/manifest_merge_blame_file/debug/manifest-merger-blame-debug-report.txt
1<?xml version="1.0" encoding="utf-8"?>
2<manifest xmlns:android="http://schemas.android.com/apk/res/android"
3    package="com.nbsp.materialfilepicker"
4    android:versionCode="13"
5    android:versionName="1.3" >
6
7    <uses-sdk
8        android:minSdkVersion="19"
8-->src/main/AndroidManifest.xml
9        android:targetSdkVersion="28" />
9-->src/main/AndroidManifest.xml
10
11    <uses-permission android:name="android.permission.READ_EXTERNAL_STORAGE" />
11-->src/main/AndroidManifest.xml:3:5-80
11-->src/main/AndroidManifest.xml:3:22-77
12
13    <application>
13-->src/main/AndroidManifest.xml:5:5-10:19
14        <activity
14-->src/main/AndroidManifest.xml:7:9-9:20
15            android:name="com.nbsp.materialfilepicker.ui.FilePickerActivity"
15-->src/main/AndroidManifest.xml:7:19-56
16            android:theme="@style/MFP_BaseTheme" >
16-->src/main/AndroidManifest.xml:8:13-49
17        </activity>
18    </application>
19
20</manifest>